<?xml version="1.0" encoding="UTF-8"?>
<!-- Generated by org.testng.reporters.JUnitXMLReporter -->
<testsuite ignored="0" hostname="LCE50517" failures="1" tests="1" name="Test" time="6.69" errors="0" timestamp="2023-11-20T12:47:53 CET">
  <testcase classname="uk.co.automationtesting.AddRemoveItemBasketTest" name="addRemoveItem" time="0.001">
    <failure type="java.lang.Error" message="Unresolved compilation problem: 
	The method waitForElementInvisible(WebElement, Duration) in the type BasePage is not applicable for the arguments (WebElement, int)
">
      <![CDATA[java.lang.Error: Unresolved compilation problem: 
The method waitForElementInvisible(WebElement, Duration) in the type BasePage is not applicable for the arguments (WebElement, int)

at uk.co.automationtesting.AddRemoveItemBasketTest.addRemoveItem(AddRemoveItemBasketTest.java:65)
at java.base/java.util.ArrayList.forEach(ArrayList.java:1540)
at java.base/java.util.concurrent.FutureTask.run(FutureTask.java:264)
at java.base/java.util.concurrent.ThreadPoolExecutor.runWorker(ThreadPoolExecutor.java:1128)
at java.base/java.util.concurrent.ThreadPoolExecutor$Worker.run(ThreadPoolExecutor.java:628)
at java.base/java.lang.Thread.run(Thread.java:834)
... Removed 17 stack frames]]>
    </failure>
  </testcase> <!-- addRemoveItem -->
</testsuite> <!-- Test -->
