<?xml version="1.0" encoding="UTF-8"?>
<testng-results ignored="0" total="1" passed="1" failed="0" skipped="0">
  <reporter-output>
  </reporter-output>
  <suite started-at="2023-11-18T15:36:38 CET" name="Default suite" finished-at="2023-11-18T15:36:46 CET" duration-ms="7726">
    <groups>
    </groups>
    <test started-at="2023-11-18T15:36:38 CET" name="Default test" finished-at="2023-11-18T15:36:46 CET" duration-ms="7726">
      <class name="Section12.L05_Login">
        <test-method signature="signin()[pri:0, instance:Section12.L05_Login@101952da]" started-at="2023-11-18T15:36:38 CET" name="signin" finished-at="2023-11-18T15:36:46 CET" duration-ms="7692" status="PASS">
          <reporter-output>
          </reporter-output>
        </test-method> <!-- signin -->
      </class> <!-- Section12.L05_Login -->
    </test> <!-- Default test -->
  </suite> <!-- Default suite -->
</testng-results>
